[debug] [2018-07-10T16:58:58.430Z] ----------------------------------------------------------------------
[debug] [2018-07-10T16:58:58.432Z] Command:       /usr/local/bin/node /usr/local/bin/firebase serve
[debug] [2018-07-10T16:58:58.432Z] CLI Version:   3.19.3
[debug] [2018-07-10T16:58:58.432Z] Platform:      darwin
[debug] [2018-07-10T16:58:58.432Z] Node Version:  v9.0.0
[debug] [2018-07-10T16:58:58.433Z] Time:          Tue Jul 10 2018 11:58:58 GMT-0500 (CDT)
[debug] [2018-07-10T16:58:58.433Z] ----------------------------------------------------------------------
[debug] 
[debug] [2018-07-10T16:58:58.441Z] > command requires scopes: ["email","openid","https://www.googleapis.com/auth/cloudplatformprojects.readonly","https://www.googleapis.com/auth/firebase","https://www.googleapis.com/auth/cloud-platform"]
[debug] [2018-07-10T16:58:58.441Z] > authorizing via signed-in user
[debug] [2018-07-10T16:58:58.443Z] >>> HTTP REQUEST GET https://admin.firebase.com/v1/projects/platzi-invie-938a7  
  
 Tue Jul 10 2018 11:58:58 GMT-0500 (CDT)
[debug] [2018-07-10T16:58:58.987Z] <<< HTTP RESPONSE 200
[debug] [2018-07-10T16:58:58.988Z] >>> HTTP REQUEST GET https://admin.firebase.com/v1/database/platzi-invie-938a7/tokens  
  
 Tue Jul 10 2018 11:58:58 GMT-0500 (CDT)
[debug] [2018-07-10T16:58:59.419Z] <<< HTTP RESPONSE 200
[debug] [2018-07-10T16:58:59.420Z] >>> HTTP REQUEST GET https://cloudresourcemanager.googleapis.com/v1/projects/platzi-invie-938a7  
  
 Tue Jul 10 2018 11:58:59 GMT-0500 (CDT)
[debug] [2018-07-10T16:58:59.787Z] <<< HTTP RESPONSE 200
[info] 
[info] === Serving from '/Users/alexisaraujo/Documents/Cursos/invie-responsive'...
[info] 
[debug] [2018-07-10T16:58:59.789Z] >>> HTTP REQUEST GET https://mobilesdk-pa.googleapis.com/v1/projects/244412200085/clients/_:getWebAppConfig  
  
 Tue Jul 10 2018 11:58:59 GMT-0500 (CDT)
[debug] [2018-07-10T16:59:00.033Z] <<< HTTP RESPONSE 200
[info] i  hosting: Serving hosting files from: ./
[info] ✔  hosting: Local server: http://localhost:5000

